<?xml version="1.0" encoding="UTF-8"?>
<!-- Generated by org.testng.reporters.JUnitReportReporter -->
<testsuite name="selenium.test.list.Story1Test" tests="2" time="22.700" ignored="0" failures="0" timestamp="29 Jun 2019 02:09:43 GMT" skipped="0" hostname="Yash-Ka-Patel" errors="0">
  <testcase name="ActionTestFlipkart" time="13.732" classname="selenium.test.list.Story1Test"/>
  <testcase name="ActionTestAmazon" time="8.968" classname="selenium.test.list.Story1Test"/>
</testsuite> <!-- selenium.test.list.Story1Test -->
