<?xml version="1.0" encoding="UTF-8"?>
<!-- Generated by org.testng.reporters.JUnitReportReporter -->
<testsuite name="selenium.test.list.Story2Test" tests="1" time="9.602" ignored="0" failures="0" timestamp="13 Mar 2019 19:45:03 GMT" skipped="0" hostname="Yash-Ka-Patel" errors="0">
  <testcase name="ActionTestAmazon" time="9.602" classname="selenium.test.list.Story2Test"/>
</testsuite> <!-- selenium.test.list.Story2Test -->
