<?xml version="1.0" encoding="UTF-8"?>
<!-- Generated by org.testng.reporters.JUnitReportReporter -->
<testsuite name="selenium.test.list.Story1Test" tests="2" time="23.784" ignored="0" failures="0" timestamp="13 Mar 2019 18:09:17 GMT" skipped="0" hostname="Yash-Ka-Patel" errors="0">
  <testcase name="ActionTestAmazon" time="12.589" classname="selenium.test.list.Story1Test"/>
  <testcase name="ActionTestFlipkart" time="11.195" classname="selenium.test.list.Story1Test"/>
</testsuite> <!-- selenium.test.list.Story1Test -->
