<?xml version="1.0" encoding="UTF-8"?>
<!-- Generated by org.testng.reporters.JUnitReportReporter -->
<testsuite name="selenium.test.list.Story2Test" tests="1" time="23.942" ignored="0" failures="0" timestamp="29 Jun 2019 02:41:47 GMT" skipped="0" hostname="Yash-Ka-Patel" errors="0">
  <testcase name="ActionTest" time="23.942" classname="selenium.test.list.Story2Test"/>
</testsuite> <!-- selenium.test.list.Story2Test -->
